<?xml version="1.0" encoding="UTF-8"?>
<!-- Generated by org.testng.reporters.JUnitXMLReporter -->
<testsuite hostname="DESKTOP-1F69PF7" ignored="0" name="Test" tests="2" failures="2" timestamp="24 Jun 2020 08:15:27 GMT" time="62.065" errors="0">
  <testcase name="addUser" time="5.734" classname="Assessment.AddUser">
    <failure type="java.lang.AssertionError" message="expected [User1] but found [[[ChromeDriver: chrome on WINDOWS (b37cf58822c2e0334a9a43fdc92c9b34)] -&amp;gt; xpath: /html/body/table]]">
      <![CDATA[java.lang.AssertionError: expected [User1] but found [[[ChromeDriver: chrome on WINDOWS (b37cf58822c2e0334a9a43fdc92c9b34)] -> xpath: /html/body/table]]
	at Assessment.AddUser.addUser(AddUser.java:96)
... Removed 30 stack frames]]>
    </failure>
  </testcase> <!-- addUser -->
  <testcase name="addUser" time="2.055" classname="Assessment.AddUser">
    <failure type="java.lang.AssertionError" message="expected [User2] but found [[[ChromeDriver: chrome on WINDOWS (b37cf58822c2e0334a9a43fdc92c9b34)] -&amp;gt; xpath: /html/body/table]]">
      <![CDATA[java.lang.AssertionError: expected [User2] but found [[[ChromeDriver: chrome on WINDOWS (b37cf58822c2e0334a9a43fdc92c9b34)] -> xpath: /html/body/table]]
	at Assessment.AddUser.addUser(AddUser.java:96)
... Removed 30 stack frames]]>
    </failure>
  </testcase> <!-- addUser -->
</testsuite> <!-- Test -->
