<!DOCTYPE html PUBLIC "-//W3C//DTD XHTML 1.1//EN" "http://www.w3.org/TR/xhtml11/DTD/xhtml11.dtd">
<html xmlns="http://www.w3.org/1999/xhtml"><head><title>TestNG Report</title><style type="text/css">table {margin-bottom:10px;border-collapse:collapse;empty-cells:show}th,td {border:1px solid #009;padding:.25em .5em}th {vertical-align:bottom}td {vertical-align:top}table a {font-weight:bold}.stripe td {background-color: #E6EBF9}.num {text-align:right}.passedodd td {background-color: #3F3}.passedeven td {background-color: #0A0}.skippedodd td {background-color: #DDD}.skippedeven td {background-color: #CCC}.failedodd td,.attn {background-color: #F33}.failedeven td,.stripe .attn {background-color: #D00}.stacktrace {white-space:pre;font-family:monospace}.totop {font-size:85%;text-align:center;border-bottom:2px solid #000}</style></head><body><table><tr><th>Test</th><th># Passed</th><th># Skipped</th><th># Failed</th><th>Time (ms)</th><th>Included Groups</th><th>Excluded Groups</th></tr><tr><th colspan="7">Suite</th></tr><tr><td><a href="#t0">Test</a></td><td class="num">0</td><td class="num attn">2</td><td class="num">0</td><td class="num">86,848</td><td></td><td></td></tr></table><table><thead><tr><th>Class</th><th>Method</th><th>Start</th><th>Time (ms)</th></tr></thead><tbody><tr><th colspan="4">Suite</th></tr></tbody><tbody id="t0"><tr><th colspan="4">Test &#8212; failed (configuration methods)</th></tr><tr class="failedeven"><td rowspan="1">Assessment.AddUser</td><td><a href="#m0">inititialize</a></td><td rowspan="1">1592949055918</td><td rowspan="1">0</td></tr><tr><th colspan="4">Test &#8212; skipped (configuration methods)</th></tr><tr class="skippedeven"><td rowspan="1">Assessment.AddUser</td><td><a href="#m1">teardown</a></td><td rowspan="1">1592949142757</td><td rowspan="1">0</td></tr><tr><th colspan="4">Test &#8212; skipped</th></tr><tr class="skippedeven"><td rowspan="2">Assessment.AddUser</td><td><a href="#m2">addUser</a></td><td rowspan="2">1592949142747</td><td rowspan="2">3</td></tr><tr class="skippedeven"><td><a href="#m3">addUser</a></td></tr></tbody></table><h2>Test</h2><h3 id="m0">Assessment.AddUser#inititialize</h3><table class="result"><tr><th>Exception</th></tr><tr><td><div class="stacktrace">org.openqa.selenium.WebDriverException: chrome not reachable
Build info: version: &apos;3.141.59&apos;, revision: &apos;e82be7d358&apos;, time: &apos;2018-11-14T08:17:03&apos;
System info: host: &apos;DESKTOP-1F69PF7&apos;, ip: &apos;192.168.88.188&apos;, os.name: &apos;Windows 10&apos;, os.arch: &apos;amd64&apos;, os.version: &apos;10.0&apos;, java.version: &apos;1.8.0_251&apos;
Driver info: driver.version: ChromeDriver
remote stacktrace: Backtrace:
	Ordinal0 [0x00CC9563+2725219]
	Ordinal0 [0x00BC8551+1672529]
	Ordinal0 [0x00AB0202+524802]
	Ordinal0 [0x00AA98EA+497898]
	Ordinal0 [0x00A4071A+67354]
	Ordinal0 [0x00A3D32C+54060]
	Ordinal0 [0x00A5CC37+183351]
	Ordinal0 [0x00A5CA3D+182845]
	Ordinal0 [0x00A5A94B+174411]
	Ordinal0 [0x00A42528+75048]
	Ordinal0 [0x00A435A0+79264]
	Ordinal0 [0x00A43539+79161]
	Ordinal0 [0x00BDD607+1758727]
	GetHandleVerifier [0x00DE6546+1050150]
	GetHandleVerifier [0x00DE6291+1049457]
	GetHandleVerifier [0x00DF10D7+1094071]
	GetHandleVerifier [0x00DE6B46+1051686]
	Ordinal0 [0x00BD5B06+1727238]
	Ordinal0 [0x00BDEB7B+1764219]
	Ordinal0 [0x00BDECE3+1764579]
	Ordinal0 [0x00BF4C05+1854469]
	BaseThreadInitThunk [0x7541F989+25]
	RtlGetAppContainerNamedObjectPath [0x76EF7084+228]
	RtlGetAppContainerNamedObjectPath [0x76EF7054+180]

	at org.openqa.selenium.remote.W3CHandshakeResponse.lambda$errorHandler$0(W3CHandshakeResponse.java:62)
	at org.openqa.selenium.remote.HandshakeResponse.lambda$getResponseFunction$0(HandshakeResponse.java:30)
	at org.openqa.selenium.remote.ProtocolHandshake.lambda$createSession$0(ProtocolHandshake.java:126)
	at java.util.stream.ReferencePipeline$3$1.accept(Unknown Source)
	at java.util.Spliterators$ArraySpliterator.tryAdvance(Unknown Source)
	at java.util.stream.ReferencePipeline.forEachWithCancel(Unknown Source)
	at java.util.stream.AbstractPipeline.copyIntoWithCancel(Unknown Source)
	at java.util.stream.AbstractPipeline.copyInto(Unknown Source)
	at java.util.stream.AbstractPipeline.wrapAndCopyInto(Unknown Source)
	at java.util.stream.FindOps$FindOp.evaluateSequential(Unknown Source)
	at java.util.stream.AbstractPipeline.evaluate(Unknown Source)
	at java.util.stream.ReferencePipeline.findFirst(Unknown Source)
	at org.openqa.selenium.remote.ProtocolHandshake.createSession(ProtocolHandshake.java:128)
	at org.openqa.selenium.remote.ProtocolHandshake.createSession(ProtocolHandshake.java:74)
	at org.openqa.selenium.remote.HttpCommandExecutor.execute(HttpCommandExecutor.java:136)
	at org.openqa.selenium.remote.service.DriverCommandExecutor.execute(DriverCommandExecutor.java:83)
	at org.openqa.selenium.remote.RemoteWebDriver.execute(RemoteWebDriver.java:552)
	at org.openqa.selenium.remote.RemoteWebDriver.startSession(RemoteWebDriver.java:213)
	at org.openqa.selenium.remote.RemoteWebDriver.&lt;init&gt;(RemoteWebDriver.java:131)
	at org.openqa.selenium.chrome.ChromeDriver.&lt;init&gt;(ChromeDriver.java:181)
	at org.openqa.selenium.chrome.ChromeDriver.&lt;init&gt;(ChromeDriver.java:168)
	at org.openqa.selenium.chrome.ChromeDriver.&lt;init&gt;(ChromeDriver.java:123)
	at Resources.base.initializeDriver(base.java:33)
	at Assessment.AddUser.inititialize(AddUser.java:27)
... Removed 27 stack frames</div></td></tr></table><p class="totop"><a href="#summary">back to summary</a></p><h3 id="m1">Assessment.AddUser#teardown</h3><table class="result"></table><p class="totop"><a href="#summary">back to summary</a></p><h3 id="m2">Assessment.AddUser#addUser</h3><table class="result"><tr class="param"><th>Parameter #1</th><th>Parameter #2</th><th>Parameter #3</th><th>Parameter #4</th><th>Parameter #5</th><th>Parameter #6</th><th>Parameter #7</th><th>Parameter #8</th></tr><tr class="param stripe"><td>FName2</td><td>LName2</td><td>User2</td><td>Pass2</td><td>Company BBB</td><td>Customer</td><td>cusomter@mail.com</td><td>82555</td></tr><tr><th colspan="8">Exception</th></tr><tr><td colspan="8"><div class="stacktrace">org.openqa.selenium.WebDriverException: chrome not reachable
Build info: version: &apos;3.141.59&apos;, revision: &apos;e82be7d358&apos;, time: &apos;2018-11-14T08:17:03&apos;
System info: host: &apos;DESKTOP-1F69PF7&apos;, ip: &apos;192.168.88.188&apos;, os.name: &apos;Windows 10&apos;, os.arch: &apos;amd64&apos;, os.version: &apos;10.0&apos;, java.version: &apos;1.8.0_251&apos;
Driver info: driver.version: ChromeDriver
remote stacktrace: Backtrace:
	Ordinal0 [0x00CC9563+2725219]
	Ordinal0 [0x00BC8551+1672529]
	Ordinal0 [0x00AB0202+524802]
	Ordinal0 [0x00AA98EA+497898]
	Ordinal0 [0x00A4071A+67354]
	Ordinal0 [0x00A3D32C+54060]
	Ordinal0 [0x00A5CC37+183351]
	Ordinal0 [0x00A5CA3D+182845]
	Ordinal0 [0x00A5A94B+174411]
	Ordinal0 [0x00A42528+75048]
	Ordinal0 [0x00A435A0+79264]
	Ordinal0 [0x00A43539+79161]
	Ordinal0 [0x00BDD607+1758727]
	GetHandleVerifier [0x00DE6546+1050150]
	GetHandleVerifier [0x00DE6291+1049457]
	GetHandleVerifier [0x00DF10D7+1094071]
	GetHandleVerifier [0x00DE6B46+1051686]
	Ordinal0 [0x00BD5B06+1727238]
	Ordinal0 [0x00BDEB7B+1764219]
	Ordinal0 [0x00BDECE3+1764579]
	Ordinal0 [0x00BF4C05+1854469]
	BaseThreadInitThunk [0x7541F989+25]
	RtlGetAppContainerNamedObjectPath [0x76EF7084+228]
	RtlGetAppContainerNamedObjectPath [0x76EF7054+180]

	at org.openqa.selenium.remote.W3CHandshakeResponse.lambda$errorHandler$0(W3CHandshakeResponse.java:62)
	at org.openqa.selenium.remote.HandshakeResponse.lambda$getResponseFunction$0(HandshakeResponse.java:30)
	at org.openqa.selenium.remote.ProtocolHandshake.lambda$createSession$0(ProtocolHandshake.java:126)
	at java.util.stream.ReferencePipeline$3$1.accept(Unknown Source)
	at java.util.Spliterators$ArraySpliterator.tryAdvance(Unknown Source)
	at java.util.stream.ReferencePipeline.forEachWithCancel(Unknown Source)
	at java.util.stream.AbstractPipeline.copyIntoWithCancel(Unknown Source)
	at java.util.stream.AbstractPipeline.copyInto(Unknown Source)
	at java.util.stream.AbstractPipeline.wrapAndCopyInto(Unknown Source)
	at java.util.stream.FindOps$FindOp.evaluateSequential(Unknown Source)
	at java.util.stream.AbstractPipeline.evaluate(Unknown Source)
	at java.util.stream.ReferencePipeline.findFirst(Unknown Source)
	at org.openqa.selenium.remote.ProtocolHandshake.createSession(ProtocolHandshake.java:128)
	at org.openqa.selenium.remote.ProtocolHandshake.createSession(ProtocolHandshake.java:74)
	at org.openqa.selenium.remote.HttpCommandExecutor.execute(HttpCommandExecutor.java:136)
	at org.openqa.selenium.remote.service.DriverCommandExecutor.execute(DriverCommandExecutor.java:83)
	at org.openqa.selenium.remote.RemoteWebDriver.execute(RemoteWebDriver.java:552)
	at org.openqa.selenium.remote.RemoteWebDriver.startSession(RemoteWebDriver.java:213)
	at org.openqa.selenium.remote.RemoteWebDriver.&lt;init&gt;(RemoteWebDriver.java:131)
	at org.openqa.selenium.chrome.ChromeDriver.&lt;init&gt;(ChromeDriver.java:181)
	at org.openqa.selenium.chrome.ChromeDriver.&lt;init&gt;(ChromeDriver.java:168)
	at org.openqa.selenium.chrome.ChromeDriver.&lt;init&gt;(ChromeDriver.java:123)
	at Resources.base.initializeDriver(base.java:33)
	at Assessment.AddUser.inititialize(AddUser.java:27)
... Removed 27 stack frames</div></td></tr></table><p class="totop"><a href="#summary">back to summary</a></p><h3 id="m3">Assessment.AddUser#addUser</h3><table class="result"><tr class="param"><th>Parameter #1</th><th>Parameter #2</th><th>Parameter #3</th><th>Parameter #4</th><th>Parameter #5</th><th>Parameter #6</th><th>Parameter #7</th><th>Parameter #8</th></tr><tr class="param stripe"><td>FName1</td><td>LName1</td><td>User1</td><td>Pass1</td><td>Company AAA</td><td>Admin</td><td>Admin@mail.com</td><td>82555</td></tr><tr><th colspan="8">Exception</th></tr><tr><td colspan="8"><div class="stacktrace">org.openqa.selenium.WebDriverException: chrome not reachable
Build info: version: &apos;3.141.59&apos;, revision: &apos;e82be7d358&apos;, time: &apos;2018-11-14T08:17:03&apos;
System info: host: &apos;DESKTOP-1F69PF7&apos;, ip: &apos;192.168.88.188&apos;, os.name: &apos;Windows 10&apos;, os.arch: &apos;amd64&apos;, os.version: &apos;10.0&apos;, java.version: &apos;1.8.0_251&apos;
Driver info: driver.version: ChromeDriver
remote stacktrace: Backtrace:
	Ordinal0 [0x00CC9563+2725219]
	Ordinal0 [0x00BC8551+1672529]
	Ordinal0 [0x00AB0202+524802]
	Ordinal0 [0x00AA98EA+497898]
	Ordinal0 [0x00A4071A+67354]
	Ordinal0 [0x00A3D32C+54060]
	Ordinal0 [0x00A5CC37+183351]
	Ordinal0 [0x00A5CA3D+182845]
	Ordinal0 [0x00A5A94B+174411]
	Ordinal0 [0x00A42528+75048]
	Ordinal0 [0x00A435A0+79264]
	Ordinal0 [0x00A43539+79161]
	Ordinal0 [0x00BDD607+1758727]
	GetHandleVerifier [0x00DE6546+1050150]
	GetHandleVerifier [0x00DE6291+1049457]
	GetHandleVerifier [0x00DF10D7+1094071]
	GetHandleVerifier [0x00DE6B46+1051686]
	Ordinal0 [0x00BD5B06+1727238]
	Ordinal0 [0x00BDEB7B+1764219]
	Ordinal0 [0x00BDECE3+1764579]
	Ordinal0 [0x00BF4C05+1854469]
	BaseThreadInitThunk [0x7541F989+25]
	RtlGetAppContainerNamedObjectPath [0x76EF7084+228]
	RtlGetAppContainerNamedObjectPath [0x76EF7054+180]

	at org.openqa.selenium.remote.W3CHandshakeResponse.lambda$errorHandler$0(W3CHandshakeResponse.java:62)
	at org.openqa.selenium.remote.HandshakeResponse.lambda$getResponseFunction$0(HandshakeResponse.java:30)
	at org.openqa.selenium.remote.ProtocolHandshake.lambda$createSession$0(ProtocolHandshake.java:126)
	at java.util.stream.ReferencePipeline$3$1.accept(Unknown Source)
	at java.util.Spliterators$ArraySpliterator.tryAdvance(Unknown Source)
	at java.util.stream.ReferencePipeline.forEachWithCancel(Unknown Source)
	at java.util.stream.AbstractPipeline.copyIntoWithCancel(Unknown Source)
	at java.util.stream.AbstractPipeline.copyInto(Unknown Source)
	at java.util.stream.AbstractPipeline.wrapAndCopyInto(Unknown Source)
	at java.util.stream.FindOps$FindOp.evaluateSequential(Unknown Source)
	at java.util.stream.AbstractPipeline.evaluate(Unknown Source)
	at java.util.stream.ReferencePipeline.findFirst(Unknown Source)
	at org.openqa.selenium.remote.ProtocolHandshake.createSession(ProtocolHandshake.java:128)
	at org.openqa.selenium.remote.ProtocolHandshake.createSession(ProtocolHandshake.java:74)
	at org.openqa.selenium.remote.HttpCommandExecutor.execute(HttpCommandExecutor.java:136)
	at org.openqa.selenium.remote.service.DriverCommandExecutor.execute(DriverCommandExecutor.java:83)
	at org.openqa.selenium.remote.RemoteWebDriver.execute(RemoteWebDriver.java:552)
	at org.openqa.selenium.remote.RemoteWebDriver.startSession(RemoteWebDriver.java:213)
	at org.openqa.selenium.remote.RemoteWebDriver.&lt;init&gt;(RemoteWebDriver.java:131)
	at org.openqa.selenium.chrome.ChromeDriver.&lt;init&gt;(ChromeDriver.java:181)
	at org.openqa.selenium.chrome.ChromeDriver.&lt;init&gt;(ChromeDriver.java:168)
	at org.openqa.selenium.chrome.ChromeDriver.&lt;init&gt;(ChromeDriver.java:123)
	at Resources.base.initializeDriver(base.java:33)
	at Assessment.AddUser.inititialize(AddUser.java:27)
... Removed 27 stack frames</div></td></tr></table><p class="totop"><a href="#summary">back to summary</a></p></body></html>